#
# There is insufficient memory for the Java Runtime Environment to continue.
# Native memory allocation (mmap) failed to map 8323072 bytes for G1 virtual space
# Possible reasons:
#   The system is out of physical RAM or swap space
#   The process is running with CompressedOops enabled, and the Java Heap may be blocking the growth of the native heap
# Possible solutions:
#   Reduce memory load on the system
#   Increase physical memory or swap space
#   Check if swap backing store is full
#   Decrease Java heap size (-Xmx/-Xms)
#   Decrease number of Java threads
#   Decrease Java thread stack sizes (-Xss)
#   Set larger code cache with -XX:ReservedCodeCacheSize=
#   JVM is running with Zero Based Compressed Oops mode in which the Java heap is
#     placed in the first 32GB address space. The Java Heap base address is the
#     maximum limit for the native heap growth. Please use -XX:HeapBaseMinAddress
#     to set the Java Heap base and to place the Java Heap above 32GB virtual address.
# This output file may be truncated or incomplete.
#
#  Out of Memory Error (os_windows.cpp:3613), pid=23948, tid=2520
#
# JRE version:  (17.0.9+11) (build )
# Java VM: OpenJDK 64-Bit Server VM (17.0.9+11-LTS, mixed mode, sharing, tiered, compressed oops, compressed class ptrs, g1 gc, windows-amd64)
# No core dump will be written. Minidumps are not enabled by default on client versions of Windows
#

---------------  S U M M A R Y ------------

Command Line: -Dfile.encoding=UTF-8 -Dstdout.encoding=UTF-8 -Dstderr.encoding=UTF-8 -XX:+ShowCodeDetailsInExceptionMessages baekjoon.P10816

Host: Intel(R) Core(TM) i7-14700, 28 cores, 31G,  Windows 11 , 64 bit Build 26100 (10.0.26100.2454)
Time: Thu Jan 23 17:53:20 2025  Windows 11 , 64 bit Build 26100 (10.0.26100.2454) elapsed time: 1.049627 seconds (0d 0h 0m 1s)

---------------  T H R E A D  ---------------

Current thread (0x0000029e36c351a0):  JavaThread "Unknown thread" [_thread_in_vm, id=2520, stack(0x000000c86c400000,0x000000c86c500000)]

Stack: [0x000000c86c400000,0x000000c86c500000]
Native frames: (J=compiled Java code, j=interpreted, Vv=VM code, C=native code)
V  [jvm.dll+0x67bd39]
V  [jvm.dll+0x832448]
V  [jvm.dll+0x833f0e]
V  [jvm.dll+0x834573]
V  [jvm.dll+0x24833f]
V  [jvm.dll+0x678b49]
V  [jvm.dll+0x66d56a]
V  [jvm.dll+0x306d46]
V  [jvm.dll+0x30e136]
V  [jvm.dll+0x35dbb3]
V  [jvm.dll+0x35ddcf]
V  [jvm.dll+0x2ddae8]
V  [jvm.dll+0x2dea54]
V  [jvm.dll+0x803f41]
V  [jvm.dll+0x36b7f1]
V  [jvm.dll+0x7e2a18]
V  [jvm.dll+0x3ef6ff]
V  [jvm.dll+0x3f1321]
C  [jli.dll+0x5287]
C  [ucrtbase.dll+0x14ea0]
C  [KERNEL32.DLL+0x2e8d7]
C  [ntdll.dll+0xdfbcc]


---------------  P R O C E S S  ---------------

Threads class SMR info:
_java_thread_list=0x00007ff89baf0538, length=0, elements={
}

Java Threads: ( => current thread )

Other Threads:
  0x0000029e36ce84d0 GCTaskThread "GC Thread#0" [stack: 0x000000c86c500000,0x000000c86c600000] [id=24336]
  0x0000029e36cedea0 ConcurrentGCThread "G1 Main Marker" [stack: 0x000000c86c600000,0x000000c86c700000] [id=23624]
  0x0000029e36cee8c0 ConcurrentGCThread "G1 Conc#0" [stack: 0x000000c86c700000,0x000000c86c800000] [id=16848]

[error occurred during error reporting (printing all threads), id 0xc0000005, EXCEPTION_ACCESS_VIOLATION (0xc0000005) at pc=0x00007ff89b2ae8c7]

VM state: not at safepoint (not fully initialized)

VM Mutex/Monitor currently owned by a thread:  ([mutex/lock_event])
[0x0000029e36c30700] Heap_lock - owner thread: 0x0000029e36c351a0

Heap address: 0x0000000605000000, size: 8112 MB, Compressed Oops mode: Zero based, Oop shift amount: 3

CDS archive(s) mapped at: [0x0000000000000000-0x0000000000000000-0x0000000000000000), size 0, SharedBaseAddress: 0x0000000800000000, ArchiveRelocationMode: 1.
Narrow klass base: 0x0000000000000000, Narrow klass shift: 0, Narrow klass range: 0x0

GC Precious Log:
<Empty>

Heap:
 garbage-first heap   total 0K, used 0K [0x0000000605000000, 0x0000000800000000)
  region size 4096K, 0 young (0K), 0 survivors (0K)

[error occurred during error reporting (printing heap information), id 0xc0000005, EXCEPTION_ACCESS_VIOLATION (0xc0000005) at pc=0x00007ff89b695609]

GC Heap History (0 events):
No events

Dll operation events (1 events):
Event: 0.005 Loaded shared library C:\Program Files\BellSoft\LibericaJDK-17\bin\java.dll

Deoptimization events (0 events):
No events

Classes unloaded (0 events):
No events

Classes redefined (0 events):
No events

Internal exceptions (0 events):
No events

VM Operations (0 events):
No events

Events (0 events):
No events


Dynamic libraries:
0x00007ff6f0f70000 - 0x00007ff6f0f7e000 	C:\Program Files\BellSoft\LibericaJDK-17\bin\javaw.exe
0x00007ff8fa8e0000 - 0x00007ff8fab43000 	C:\WINDOWS\SYSTEM32\ntdll.dll
0x00007ff8f9370000 - 0x00007ff8f9438000 	C:\WINDOWS\System32\KERNEL32.DLL
0x00007ff8f8230000 - 0x00007ff8f85e2000 	C:\WINDOWS\System32\KERNELBASE.dll
0x00007ff8f7e30000 - 0x00007ff8f7f7b000 	C:\WINDOWS\System32\ucrtbase.dll
0x00007ff8d84f0000 - 0x00007ff8d8507000 	C:\Program Files\BellSoft\LibericaJDK-17\bin\jli.dll
0x00007ff8d7de0000 - 0x00007ff8d7dfb000 	C:\Program Files\BellSoft\LibericaJDK-17\bin\VCRUNTIME140.dll
0x00007ff8f97a0000 - 0x00007ff8f9968000 	C:\WINDOWS\System32\USER32.dll
0x00007ff8f80d0000 - 0x00007ff8f80f7000 	C:\WINDOWS\System32\win32u.dll
0x00007ff8f8a50000 - 0x00007ff8f8a7a000 	C:\WINDOWS\System32\GDI32.dll
0x00007ff8d93c0000 - 0x00007ff8d9650000 	C:\WINDOWS\WinSxS\amd64_microsoft.windows.common-controls_6595b64144ccf1df_6.0.26100.2454_none_3e0b68a2e331ad60\COMCTL32.dll
0x00007ff8f8100000 - 0x00007ff8f822b000 	C:\WINDOWS\System32\gdi32full.dll
0x00007ff8f8b70000 - 0x00007ff8f8c19000 	C:\WINDOWS\System32\msvcrt.dll
0x00007ff8f8020000 - 0x00007ff8f80c3000 	C:\WINDOWS\System32\msvcp_win.dll
0x00007ff8f8930000 - 0x00007ff8f895f000 	C:\WINDOWS\System32\IMM32.DLL
0x00007ff8dea40000 - 0x00007ff8dea4c000 	C:\Program Files\BellSoft\LibericaJDK-17\bin\vcruntime140_1.dll
0x00007ff8cd940000 - 0x00007ff8cd9ce000 	C:\Program Files\BellSoft\LibericaJDK-17\bin\msvcp140.dll
0x00007ff89afc0000 - 0x00007ff89bc23000 	C:\Program Files\BellSoft\LibericaJDK-17\bin\server\jvm.dll
0x00007ff8f87b0000 - 0x00007ff8f8864000 	C:\WINDOWS\System32\ADVAPI32.dll
0x00007ff8f92c0000 - 0x00007ff8f9366000 	C:\WINDOWS\System32\sechost.dll
0x00007ff8fa3e0000 - 0x00007ff8fa4f6000 	C:\WINDOWS\System32\RPCRT4.dll
0x00007ff8f73e0000 - 0x00007ff8f742e000 	C:\WINDOWS\SYSTEM32\POWRPROF.dll
0x00007ff8cc340000 - 0x00007ff8cc34a000 	C:\WINDOWS\SYSTEM32\WSOCK32.dll
0x00007ff8e9490000 - 0x00007ff8e94c6000 	C:\WINDOWS\SYSTEM32\WINMM.dll
0x00007ff8f9970000 - 0x00007ff8f99e4000 	C:\WINDOWS\System32\WS2_32.dll
0x00007ff8f1a60000 - 0x00007ff8f1a6b000 	C:\WINDOWS\SYSTEM32\VERSION.dll
0x00007ff8f73b0000 - 0x00007ff8f73c4000 	C:\WINDOWS\SYSTEM32\UMPDC.dll
0x00007ff8f6ab0000 - 0x00007ff8f6aca000 	C:\WINDOWS\SYSTEM32\kernel.appcore.dll
0x00007ff8de8e0000 - 0x00007ff8de8ea000 	C:\Program Files\BellSoft\LibericaJDK-17\bin\jimage.dll
0x00007ff8f5440000 - 0x00007ff8f5681000 	C:\WINDOWS\SYSTEM32\DBGHELP.DLL
0x00007ff8fa500000 - 0x00007ff8fa87e000 	C:\WINDOWS\System32\combase.dll
0x00007ff8f96c0000 - 0x00007ff8f9796000 	C:\WINDOWS\System32\OLEAUT32.dll
0x00007ff8e2c70000 - 0x00007ff8e2ca9000 	C:\WINDOWS\SYSTEM32\dbgcore.DLL
0x00007ff8f7f80000 - 0x00007ff8f8019000 	C:\WINDOWS\System32\bcryptPrimitives.dll
0x00007ff8d7db0000 - 0x00007ff8d7dd5000 	C:\Program Files\BellSoft\LibericaJDK-17\bin\java.dll

dbghelp: loaded successfully - version: 4.0.5 - missing functions: none
symbol engine: initialized successfully - sym options: 0x614 - pdb path: .;C:\Program Files\BellSoft\LibericaJDK-17\bin;C:\WINDOWS\SYSTEM32;C:\WINDOWS\WinSxS\amd64_microsoft.windows.common-controls_6595b64144ccf1df_6.0.26100.2454_none_3e0b68a2e331ad60;C:\Program Files\BellSoft\LibericaJDK-17\bin\server

VM Arguments:
jvm_args: -Dfile.encoding=UTF-8 -Dstdout.encoding=UTF-8 -Dstderr.encoding=UTF-8 -XX:+ShowCodeDetailsInExceptionMessages 
java_command: baekjoon.P10816
java_class_path (initial): C:\Users\SSAFY\git\algorithm\algorithm\bin
Launcher Type: SUN_STANDARD

[Global flags]
     intx CICompilerCount                          = 12                                        {product} {ergonomic}
     uint ConcGCThreads                            = 5                                         {product} {ergonomic}
     uint G1ConcRefinementThreads                  = 20                                        {product} {ergonomic}
   size_t G1HeapRegionSize                         = 4194304                                   {product} {ergonomic}
    uintx GCDrainStackTargetSize                   = 64                                        {product} {ergonomic}
   size_t InitialHeapSize                          = 532676608                                 {product} {ergonomic}
   size_t MarkStackSize                            = 4194304                                   {product} {ergonomic}
   size_t MaxHeapSize                              = 8506048512                                {product} {ergonomic}
   size_t MinHeapDeltaBytes                        = 4194304                                   {product} {ergonomic}
   size_t MinHeapSize                              = 8388608                                   {product} {ergonomic}
    uintx NonNMethodCodeHeapSize                   = 7602480                                {pd product} {ergonomic}
    uintx NonProfiledCodeHeapSize                  = 122027880                              {pd product} {ergonomic}
    uintx ProfiledCodeHeapSize                     = 122027880                              {pd product} {ergonomic}
    uintx ReservedCodeCacheSize                    = 251658240                              {pd product} {ergonomic}
     bool SegmentedCodeCache                       = true                                      {product} {ergonomic}
     bool ShowCodeDetailsInExceptionMessages       = true                                   {manageable} {command line}
   size_t SoftMaxHeapSize                          = 8506048512                             {manageable} {ergonomic}
     bool UseCompressedClassPointers               = true                           {product lp64_product} {ergonomic}
     bool UseCompressedOops                        = true                           {product lp64_product} {ergonomic}
     bool UseG1GC                                  = true                                      {product} {ergonomic}
     bool UseLargePagesIndividualAllocation        = false                                  {pd product} {ergonomic}

Logging:
Log output configuration:
 #0: stdout all=warning uptime,level,tags
 #1: stderr all=off uptime,level,tags

Environment Variables:
JAVA_HOME=C:\Program Files\BellSoft\LibericaJDK-17\
PATH=C:/ssafy_13/sts-4.22.1.RELEASE//plugins/org.eclipse.justj.openjdk.hotspot.jre.full.win32.x86_64_17.0.11.v20240426-1830/jre/bin/server;C:/ssafy_13/sts-4.22.1.RELEASE//plugins/org.eclipse.justj.openjdk.hotspot.jre.full.win32.x86_64_17.0.11.v20240426-1830/jre/bin;C:\Program Files\BellSoft\LibericaJDK-17\bin\;C:\WINDOWS\system32;C:\WINDOWS;C:\WINDOWS\System32\Wbem;C:\WINDOWS\System32\WindowsPowerShell\v1.0\;C:\WINDOWS\System32\OpenSSH\;C:\Program Files (x86)\NVIDIA Corporation\PhysX\Common;C:\Program Files\NVIDIA Corporation\NVIDIA NvDLISR;C:\Program Files\Microsoft SQL Server\130\Tools\Binn\;C:\Program Files\Zulu\zulu-8\bin\;C:\Program Files\Git\cmd;C:\Users\SSAFY\AppData\Local\Microsoft\WindowsApps;C:\Users\SSAFY\AppData\Local\Programs\Microsoft VS Code\bin;C:\ssafy_13\sts-4.22.1.RELEASE;
USERNAME=SSAFY
OS=Windows_NT
PROCESSOR_IDENTIFIER=Intel64 Family 6 Model 183 Stepping 1, GenuineIntel
TMP=C:\Users\SSAFY\AppData\Local\Temp
TEMP=C:\Users\SSAFY\AppData\Local\Temp



Periodic native trim disabled


---------------  S Y S T E M  ---------------

OS:
 Windows 11 , 64 bit Build 26100 (10.0.26100.2454)
OS uptime: 6 days 23:51 hours
Hyper-V role detected

CPU: total 28 (initial active 28) (14 cores per cpu, 2 threads per core) family 6 model 183 stepping 1 microcode 0x120, cx8, cmov, fxsr, ht, mmx, 3dnowpref, sse, sse2, sse3, ssse3, sse4.1, sse4.2, popcnt, lzcnt, tsc, tscinvbit, avx, avx2, aes, erms, clmul, bmi1, bmi2, adx, sha, fma, vzeroupper, clflush, clflushopt, clwb, hv
Processor Information for processor 0
  Max Mhz: 2100, Current Mhz: 2100, Mhz Limit: 2100
Processor Information for processor 1
  Max Mhz: 2100, Current Mhz: 2100, Mhz Limit: 2100
Processor Information for processor 2
  Max Mhz: 2100, Current Mhz: 2100, Mhz Limit: 2100
Processor Information for processor 3
  Max Mhz: 2100, Current Mhz: 2100, Mhz Limit: 2100
Processor Information for processor 4
  Max Mhz: 2100, Current Mhz: 2100, Mhz Limit: 2100
Processor Information for processor 5
  Max Mhz: 2100, Current Mhz: 2100, Mhz Limit: 2100
Processor Information for processor 6
  Max Mhz: 2100, Current Mhz: 2100, Mhz Limit: 2100
Processor Information for processor 7
  Max Mhz: 2100, Current Mhz: 2100, Mhz Limit: 2100
Processor Information for processor 8
  Max Mhz: 2100, Current Mhz: 2100, Mhz Limit: 2100
Processor Information for processor 9
  Max Mhz: 2100, Current Mhz: 2100, Mhz Limit: 2100
Processor Information for processor 10
  Max Mhz: 2100, Current Mhz: 2100, Mhz Limit: 2100
Processor Information for processor 11
  Max Mhz: 2100, Current Mhz: 2100, Mhz Limit: 2100
Processor Information for processor 12
  Max Mhz: 2100, Current Mhz: 2100, Mhz Limit: 2100
Processor Information for processor 13
  Max Mhz: 2100, Current Mhz: 2100, Mhz Limit: 2100
Processor Information for processor 14
  Max Mhz: 2100, Current Mhz: 2100, Mhz Limit: 2100
Processor Information for processor 15
  Max Mhz: 2100, Current Mhz: 2100, Mhz Limit: 2100
Processor Information for processor 16
  Max Mhz: 2100, Current Mhz: 1500, Mhz Limit: 1491
Processor Information for processor 17
  Max Mhz: 2100, Current Mhz: 1500, Mhz Limit: 1491
Processor Information for processor 18
  Max Mhz: 2100, Current Mhz: 1500, Mhz Limit: 1491
Processor Information for processor 19
  Max Mhz: 2100, Current Mhz: 1500, Mhz Limit: 1491
Processor Information for processor 20
  Max Mhz: 2100, Current Mhz: 1500, Mhz Limit: 1491
Processor Information for processor 21
  Max Mhz: 2100, Current Mhz: 1500, Mhz Limit: 1491
Processor Information for processor 22
  Max Mhz: 2100, Current Mhz: 1500, Mhz Limit: 1491
Processor Information for processor 23
  Max Mhz: 2100, Current Mhz: 1500, Mhz Limit: 1491
Processor Information for processor 24
  Max Mhz: 2100, Current Mhz: 1500, Mhz Limit: 1491
Processor Information for processor 25
  Max Mhz: 2100, Current Mhz: 1500, Mhz Limit: 1491
Processor Information for processor 26
  Max Mhz: 2100, Current Mhz: 1500, Mhz Limit: 1491
Processor Information for processor 27
  Max Mhz: 2100, Current Mhz: 1500, Mhz Limit: 1491

Memory: 4k page, system-wide physical 32446M (11807M free)
TotalPageFile size 130750M (AvailPageFile size 4M)
current process WorkingSet (physical memory assigned to process): 13M, peak: 13M
current process commit charge ("private bytes"): 595M, peak: 603M

vm_info: OpenJDK 64-Bit Server VM (17.0.9+11-LTS) for windows-amd64 JRE (17.0.9+11-LTS), built on Oct 17 2023 19:37:59 by "" with MS VC++ 17.1 (VS2022)

END.
